<?xml version="1.0" encoding="UTF-8"?>
<!-- Generated by org.testng.reporters.JUnitReportReporter -->
<testsuite hostname="F2VBET-251" failures="0" tests="4" name="com.test.LoginTest" time="21.172" errors="0" timestamp="2024-02-06T16:29:36 AMT" skipped="0">
  <testcase classname="com.test.LoginTest" name="loginWithValidUserNameAndInValidPassowrd" time="8.546"/>
  <testcase classname="com.test.LoginTest" name="loginWithInValidUserNameAndInValidPassowrd" time="4.043"/>
  <testcase classname="com.test.LoginTest" name="loginWithInValidUserNameAndValidPassowrd" time="4.310"/>
  <testcase classname="com.test.LoginTest" name="loginWithValidUserNameAndValidPassowrd" time="4.273"/>
</testsuite> <!-- com.test.LoginTest -->
